c:\users\jinxueyi\documents\visual studio 2015\projects\simpledb-hashtable\simpledb-hashtable\debug\simpledb-hashtable.pch.codeanalysis
c:\users\jinxueyi\documents\visual studio 2015\projects\simpledb-hashtable\simpledb-hashtable\debug\vc140.pdb
c:\users\jinxueyi\documents\visual studio 2015\projects\simpledb-hashtable\simpledb-hashtable\debug\vc140.idb
c:\users\jinxueyi\documents\visual studio 2015\projects\simpledb-hashtable\simpledb-hashtable\debug\simpledb-hashtable.pch.codeanalysisast
c:\users\jinxueyi\documents\visual studio 2015\projects\simpledb-hashtable\simpledb-hashtable\debug\stdafx.nativecodeanalysis.xml
c:\users\jinxueyi\documents\visual studio 2015\projects\simpledb-hashtable\simpledb-hashtable\debug\stdafx.obj
c:\users\jinxueyi\documents\visual studio 2015\projects\simpledb-hashtable\simpledb-hashtable\debug\simpledb-hashtable.nativecodeanalysis.xml
c:\users\jinxueyi\documents\visual studio 2015\projects\simpledb-hashtable\simpledb-hashtable\debug\hashtable.nativecodeanalysis.xml
c:\users\jinxueyi\documents\visual studio 2015\projects\simpledb-hashtable\simpledb-hashtable\debug\db.nativecodeanalysis.xml
c:\users\jinxueyi\documents\visual studio 2015\projects\simpledb-hashtable\simpledb-hashtable\debug\db.obj
c:\users\jinxueyi\documents\visual studio 2015\projects\simpledb-hashtable\simpledb-hashtable\debug\hashtable.obj
c:\users\jinxueyi\documents\visual studio 2015\projects\simpledb-hashtable\simpledb-hashtable\debug\simpledb-hashtable.obj
c:\users\jinxueyi\documents\visual studio 2015\projects\simpledb-hashtable\debug\simpledb-hashtable.ilk
c:\users\jinxueyi\documents\visual studio 2015\projects\simpledb-hashtable\debug\simpledb-hashtable.exe
c:\users\jinxueyi\documents\visual studio 2015\projects\simpledb-hashtable\debug\simpledb-hashtable.pdb
c:\users\jinxueyi\documents\visual studio 2015\projects\simpledb-hashtable\simpledb-hashtable\debug\nativecodeanalysis.read.1.tlog
c:\users\jinxueyi\documents\visual studio 2015\projects\simpledb-hashtable\simpledb-hashtable\debug\vc.nativecodeanalysis.all.xml
c:\users\jinxueyi\documents\visual studio 2015\projects\simpledb-hashtable\debug\simpledb-hashtable.exe.lastcodeanalysissucceeded
c:\users\jinxueyi\documents\visual studio 2015\projects\simpledb-hashtable\simpledb-hashtable\debug\simpledb.960a3643.tlog\cl.command.1.tlog
c:\users\jinxueyi\documents\visual studio 2015\projects\simpledb-hashtable\simpledb-hashtable\debug\simpledb.960a3643.tlog\cl.read.1.tlog
c:\users\jinxueyi\documents\visual studio 2015\projects\simpledb-hashtable\simpledb-hashtable\debug\simpledb.960a3643.tlog\cl.write.1.tlog
c:\users\jinxueyi\documents\visual studio 2015\projects\simpledb-hashtable\simpledb-hashtable\debug\simpledb.960a3643.tlog\link.command.1.tlog
c:\users\jinxueyi\documents\visual studio 2015\projects\simpledb-hashtable\simpledb-hashtable\debug\simpledb.960a3643.tlog\link.read.1.tlog
c:\users\jinxueyi\documents\visual studio 2015\projects\simpledb-hashtable\simpledb-hashtable\debug\simpledb.960a3643.tlog\link.write.1.tlog
